[0.148s] DEBUG:colcon:Command line arguments: ['/usr/bin/colcon', 'build', '--packages-select', 'AZ_demo']
[0.148s] DEBUG:colcon:Parsed command line arguments: Namespace(log_base=None, log_level=None, verb_name='build', build_base='build', install_base='install', merge_install=False, symlink_install=False, test_result_base=None, continue_on_error=False, executor='parallel', parallel_workers=8, event_handlers=None, ignore_user_meta=False, metas=['./colcon.meta'], base_paths=['.'], packages_ignore=None, packages_ignore_regex=None, paths=None, packages_up_to=None, packages_up_to_regex=None, packages_above=None, packages_above_and_dependencies=None, packages_above_depth=None, packages_select_by_dep=None, packages_skip_by_dep=None, packages_skip_up_to=None, packages_select_build_failed=False, packages_skip_build_finished=False, packages_select_test_failures=False, packages_skip_test_passed=False, packages_select=['AZ_demo'], packages_skip=None, packages_select_regex=None, packages_skip_regex=None, packages_start=None, packages_end=None, allow_overriding=[], cmake_args=None, cmake_target=None, cmake_target_skip_unavailable=False, cmake_clean_cache=False, cmake_clean_first=False, cmake_force_configure=False, ament_cmake_args=None, catkin_cmake_args=None, catkin_skip_building_tests=False, mixin_files=None, mixin=None, verb_parser=<colcon_mixin.mixin.mixin_argument.MixinArgumentDecorator object at 0x7925f14af680>, verb_extension=<colcon_core.verb.build.BuildVerb object at 0x7925f15d3e90>, main=<bound method BuildVerb.main of <colcon_core.verb.build.BuildVerb object at 0x7925f15d3e90>>, mixin_verb=('build',))
[0.197s] Level 1:colcon.colcon_core.package_discovery:discover_packages(colcon_meta) check parameters
[0.197s] Level 1:colcon.colcon_core.package_discovery:discover_packages(recursive) check parameters
[0.197s] Level 1:colcon.colcon_core.package_discovery:discover_packages(ignore) check parameters
[0.197s] Level 1:colcon.colcon_core.package_discovery:discover_packages(path) check parameters
[0.197s] Level 1:colcon.colcon_core.package_discovery:discover_packages(colcon_meta) discover
[0.197s] Level 1:colcon.colcon_core.package_discovery:discover_packages(recursive) discover
[0.197s] INFO:colcon.colcon_core.package_discovery:Crawling recursively for packages in '/home/mavis/ros2_ws/src/AZ_demo'
[0.197s] Level 1:colcon.colcon_core.package_identification:_identify(.) by extensions ['ignore', 'ignore_ament_install']
[0.198s] Level 1:colcon.colcon_core.package_identification:_identify(.) by extension 'ignore'
[0.198s] Level 1:colcon.colcon_core.package_identification:_identify(.) by extension 'ignore_ament_install'
[0.198s] Level 1:colcon.colcon_core.package_identification:_identify(.) by extensions ['colcon_pkg']
[0.198s] Level 1:colcon.colcon_core.package_identification:_identify(.) by extension 'colcon_pkg'
[0.198s] Level 1:colcon.colcon_core.package_identification:_identify(.) by extensions ['colcon_meta']
[0.198s] Level 1:colcon.colcon_core.package_identification:_identify(.) by extension 'colcon_meta'
[0.198s] Level 1:colcon.colcon_core.package_identification:_identify(.) by extensions ['ros']
[0.198s] Level 1:colcon.colcon_core.package_identification:_identify(.) by extension 'ros'
[0.235s] DEBUG:colcon.colcon_core.package_identification:Package '.' with type 'ros.ament_cmake' and name 'AZ_demo'
[0.235s] Level 1:colcon.colcon_core.package_discovery:discover_packages(recursive) using defaults
[0.235s] Level 1:colcon.colcon_core.package_discovery:discover_packages(ignore) discover
[0.235s] Level 1:colcon.colcon_core.package_discovery:discover_packages(ignore) using defaults
[0.235s] Level 1:colcon.colcon_core.package_discovery:discover_packages(path) discover
[0.235s] Level 1:colcon.colcon_core.package_discovery:discover_packages(path) using defaults
[0.261s] Level 1:colcon.colcon_core.package_discovery:discover_packages(prefix_path) check parameters
[0.261s] Level 1:colcon.colcon_core.package_discovery:discover_packages(prefix_path) discover
[0.262s] WARNING:colcon.colcon_ros.prefix_path.ament:The path '/home/mavis/ros2_ws/src/AZ_demo/install/AZ_demo' in the environment variable AMENT_PREFIX_PATH doesn't exist
[0.264s] WARNING:colcon.colcon_ros.prefix_path.catkin:The path '/home/mavis/ros2_ws/src/AZ_demo/install/AZ_demo' in the environment variable CMAKE_PREFIX_PATH doesn't exist
[0.265s] DEBUG:colcon.colcon_installed_package_information.package_discovery:Found 0 installed packages in /home/mavis/ros2_ws/src/AZ_demo/install
[0.269s] DEBUG:colcon.colcon_installed_package_information.package_discovery:Found 73 installed packages in /home/mavis/ros2_ws/install
[0.272s] DEBUG:colcon.colcon_installed_package_information.package_discovery:Found 389 installed packages in /opt/ros/jazzy
[0.275s] Level 1:colcon.colcon_core.package_discovery:discover_packages(prefix_path) using defaults
[0.344s] Level 5:colcon.colcon_core.verb:set package 'AZ_demo' build argument 'cmake_args' from command line to 'None'
[0.344s] Level 5:colcon.colcon_core.verb:set package 'AZ_demo' build argument 'cmake_target' from command line to 'None'
[0.344s] Level 5:colcon.colcon_core.verb:set package 'AZ_demo' build argument 'cmake_target_skip_unavailable' from command line to 'False'
[0.344s] Level 5:colcon.colcon_core.verb:set package 'AZ_demo' build argument 'cmake_clean_cache' from command line to 'False'
[0.344s] Level 5:colcon.colcon_core.verb:set package 'AZ_demo' build argument 'cmake_clean_first' from command line to 'False'
[0.345s] Level 5:colcon.colcon_core.verb:set package 'AZ_demo' build argument 'cmake_force_configure' from command line to 'False'
[0.345s] Level 5:colcon.colcon_core.verb:set package 'AZ_demo' build argument 'ament_cmake_args' from command line to 'None'
[0.345s] Level 5:colcon.colcon_core.verb:set package 'AZ_demo' build argument 'catkin_cmake_args' from command line to 'None'
[0.345s] Level 5:colcon.colcon_core.verb:set package 'AZ_demo' build argument 'catkin_skip_building_tests' from command line to 'False'
[0.345s] DEBUG:colcon.colcon_core.verb:Building package 'AZ_demo' with the following arguments: {'ament_cmake_args': None, 'build_base': '/home/mavis/ros2_ws/src/AZ_demo/build/AZ_demo', 'catkin_cmake_args': None, 'catkin_skip_building_tests': False, 'cmake_args': None, 'cmake_clean_cache': False, 'cmake_clean_first': False, 'cmake_force_configure': False, 'cmake_target': None, 'cmake_target_skip_unavailable': False, 'install_base': '/home/mavis/ros2_ws/src/AZ_demo/install/AZ_demo', 'merge_install': False, 'path': '/home/mavis/ros2_ws/src/AZ_demo', 'symlink_install': False, 'test_result_base': None}
[0.345s] INFO:colcon.colcon_core.executor:Executing jobs using 'parallel' executor
[0.346s] DEBUG:colcon.colcon_parallel_executor.executor.parallel:run_until_complete
[0.346s] INFO:colcon.colcon_ros.task.ament_cmake.build:Building ROS package in '/home/mavis/ros2_ws/src/AZ_demo' with build type 'ament_cmake'
[0.347s] INFO:colcon.colcon_cmake.task.cmake.build:Building CMake package in '/home/mavis/ros2_ws/src/AZ_demo'
[0.349s] INFO:colcon.colcon_core.plugin_system:Skipping extension 'colcon_core.shell.bat': Not used on non-Windows systems
[0.349s] INFO:colcon.colcon_core.shell:Skip shell extension 'powershell' for command environment: Not usable outside of PowerShell
[0.349s] DEBUG:colcon.colcon_core.shell:Skip shell extension 'dsv' for command environment
[0.370s] DEBUG:colcon.colcon_core.event_handler.log_command:Invoking command in '/home/mavis/ros2_ws/src/AZ_demo/build/AZ_demo': CMAKE_PREFIX_PATH=${CMAKE_PREFIX_PATH}:/home/mavis/ros2_ws/install/rqt_joint_trajectory_controller:/home/mavis/ros2_ws/install/rqt_controller_manager:/home/mavis/ros2_ws/install/ros2controlcli:/home/mavis/ros2_ws/install/ros2_controllers_test_nodes:/home/mavis/ros2_ws/install/generate_parameter_module_example:/home/mavis/ros2_ws/install/generate_parameter_library_py:/opt/ros/jazzy DEBUGINFOD_URLS=https://debuginfod.ubuntu.com /usr/bin/cmake /home/mavis/ros2_ws/src/AZ_demo -DCMAKE_INSTALL_PREFIX=/home/mavis/ros2_ws/src/AZ_demo/install/AZ_demo
[2.475s] DEBUG:colcon.colcon_core.event_handler.log_command:Invoked command in '/home/mavis/ros2_ws/src/AZ_demo/build/AZ_demo' returned '0': CMAKE_PREFIX_PATH=${CMAKE_PREFIX_PATH}:/home/mavis/ros2_ws/install/rqt_joint_trajectory_controller:/home/mavis/ros2_ws/install/rqt_controller_manager:/home/mavis/ros2_ws/install/ros2controlcli:/home/mavis/ros2_ws/install/ros2_controllers_test_nodes:/home/mavis/ros2_ws/install/generate_parameter_module_example:/home/mavis/ros2_ws/install/generate_parameter_library_py:/opt/ros/jazzy DEBUGINFOD_URLS=https://debuginfod.ubuntu.com /usr/bin/cmake /home/mavis/ros2_ws/src/AZ_demo -DCMAKE_INSTALL_PREFIX=/home/mavis/ros2_ws/src/AZ_demo/install/AZ_demo
[2.477s] DEBUG:colcon.colcon_core.event_handler.log_command:Invoking command in '/home/mavis/ros2_ws/src/AZ_demo/build/AZ_demo': CMAKE_PREFIX_PATH=${CMAKE_PREFIX_PATH}:/home/mavis/ros2_ws/install/rqt_joint_trajectory_controller:/home/mavis/ros2_ws/install/rqt_controller_manager:/home/mavis/ros2_ws/install/ros2controlcli:/home/mavis/ros2_ws/install/ros2_controllers_test_nodes:/home/mavis/ros2_ws/install/generate_parameter_module_example:/home/mavis/ros2_ws/install/generate_parameter_library_py:/opt/ros/jazzy DEBUGINFOD_URLS=https://debuginfod.ubuntu.com /usr/bin/cmake --build /home/mavis/ros2_ws/src/AZ_demo/build/AZ_demo -- -j8 -l8
[3.175s] DEBUG:colcon.colcon_core.event_handler.log_command:Invoked command in '/home/mavis/ros2_ws/src/AZ_demo/build/AZ_demo' returned '0': CMAKE_PREFIX_PATH=${CMAKE_PREFIX_PATH}:/home/mavis/ros2_ws/install/rqt_joint_trajectory_controller:/home/mavis/ros2_ws/install/rqt_controller_manager:/home/mavis/ros2_ws/install/ros2controlcli:/home/mavis/ros2_ws/install/ros2_controllers_test_nodes:/home/mavis/ros2_ws/install/generate_parameter_module_example:/home/mavis/ros2_ws/install/generate_parameter_library_py:/opt/ros/jazzy DEBUGINFOD_URLS=https://debuginfod.ubuntu.com /usr/bin/cmake --build /home/mavis/ros2_ws/src/AZ_demo/build/AZ_demo -- -j8 -l8
[3.204s] DEBUG:colcon.colcon_core.event_handler.log_command:Invoking command in '/home/mavis/ros2_ws/src/AZ_demo/build/AZ_demo': CMAKE_PREFIX_PATH=${CMAKE_PREFIX_PATH}:/home/mavis/ros2_ws/install/rqt_joint_trajectory_controller:/home/mavis/ros2_ws/install/rqt_controller_manager:/home/mavis/ros2_ws/install/ros2controlcli:/home/mavis/ros2_ws/install/ros2_controllers_test_nodes:/home/mavis/ros2_ws/install/generate_parameter_module_example:/home/mavis/ros2_ws/install/generate_parameter_library_py:/opt/ros/jazzy DEBUGINFOD_URLS=https://debuginfod.ubuntu.com /usr/bin/cmake --install /home/mavis/ros2_ws/src/AZ_demo/build/AZ_demo
[3.327s] Level 1:colcon.colcon_core.environment:create_environment_scripts_only(AZ_demo)
[3.327s] DEBUG:colcon.colcon_core.event_handler.log_command:Invoked command in '/home/mavis/ros2_ws/src/AZ_demo/build/AZ_demo' returned '0': CMAKE_PREFIX_PATH=${CMAKE_PREFIX_PATH}:/home/mavis/ros2_ws/install/rqt_joint_trajectory_controller:/home/mavis/ros2_ws/install/rqt_controller_manager:/home/mavis/ros2_ws/install/ros2controlcli:/home/mavis/ros2_ws/install/ros2_controllers_test_nodes:/home/mavis/ros2_ws/install/generate_parameter_module_example:/home/mavis/ros2_ws/install/generate_parameter_library_py:/opt/ros/jazzy DEBUGINFOD_URLS=https://debuginfod.ubuntu.com /usr/bin/cmake --install /home/mavis/ros2_ws/src/AZ_demo/build/AZ_demo
[3.330s] Level 1:colcon.colcon_core.environment:checking '/home/mavis/ros2_ws/src/AZ_demo/install/AZ_demo' for CMake module files
[3.331s] Level 1:colcon.colcon_core.environment:checking '/home/mavis/ros2_ws/src/AZ_demo/install/AZ_demo' for CMake config files
[3.331s] Level 1:colcon.colcon_core.shell:create_environment_hook('AZ_demo', 'cmake_prefix_path')
[3.331s] INFO:colcon.colcon_core.shell:Creating environment hook '/home/mavis/ros2_ws/src/AZ_demo/install/AZ_demo/share/AZ_demo/hook/cmake_prefix_path.ps1'
[3.332s] INFO:colcon.colcon_core.shell:Creating environment descriptor '/home/mavis/ros2_ws/src/AZ_demo/install/AZ_demo/share/AZ_demo/hook/cmake_prefix_path.dsv'
[3.332s] INFO:colcon.colcon_core.shell:Creating environment hook '/home/mavis/ros2_ws/src/AZ_demo/install/AZ_demo/share/AZ_demo/hook/cmake_prefix_path.sh'
[3.333s] Level 1:colcon.colcon_core.environment:checking '/home/mavis/ros2_ws/src/AZ_demo/install/AZ_demo/lib'
[3.333s] Level 1:colcon.colcon_core.environment:checking '/home/mavis/ros2_ws/src/AZ_demo/install/AZ_demo/bin'
[3.334s] Level 1:colcon.colcon_core.environment:checking '/home/mavis/ros2_ws/src/AZ_demo/install/AZ_demo/lib/pkgconfig/AZ_demo.pc'
[3.334s] Level 1:colcon.colcon_core.environment:checking '/home/mavis/ros2_ws/src/AZ_demo/install/AZ_demo/lib/python3.12/site-packages'
[3.334s] Level 1:colcon.colcon_core.shell:create_environment_hook('AZ_demo', 'pythonpath')
[3.334s] INFO:colcon.colcon_core.shell:Creating environment hook '/home/mavis/ros2_ws/src/AZ_demo/install/AZ_demo/share/AZ_demo/hook/pythonpath.ps1'
[3.335s] INFO:colcon.colcon_core.shell:Creating environment descriptor '/home/mavis/ros2_ws/src/AZ_demo/install/AZ_demo/share/AZ_demo/hook/pythonpath.dsv'
[3.335s] INFO:colcon.colcon_core.shell:Creating environment hook '/home/mavis/ros2_ws/src/AZ_demo/install/AZ_demo/share/AZ_demo/hook/pythonpath.sh'
[3.336s] Level 1:colcon.colcon_core.environment:checking '/home/mavis/ros2_ws/src/AZ_demo/install/AZ_demo/bin'
[3.336s] INFO:colcon.colcon_core.shell:Creating package script '/home/mavis/ros2_ws/src/AZ_demo/install/AZ_demo/share/AZ_demo/package.ps1'
[3.338s] INFO:colcon.colcon_core.shell:Creating package descriptor '/home/mavis/ros2_ws/src/AZ_demo/install/AZ_demo/share/AZ_demo/package.dsv'
[3.339s] INFO:colcon.colcon_core.shell:Creating package script '/home/mavis/ros2_ws/src/AZ_demo/install/AZ_demo/share/AZ_demo/package.sh'
[3.340s] INFO:colcon.colcon_core.shell:Creating package script '/home/mavis/ros2_ws/src/AZ_demo/install/AZ_demo/share/AZ_demo/package.bash'
[3.341s] INFO:colcon.colcon_core.shell:Creating package script '/home/mavis/ros2_ws/src/AZ_demo/install/AZ_demo/share/AZ_demo/package.zsh'
[3.342s] Level 1:colcon.colcon_core.environment:create_file_with_runtime_dependencies(/home/mavis/ros2_ws/src/AZ_demo/install/AZ_demo/share/colcon-core/packages/AZ_demo)
[3.343s] Level 1:colcon.colcon_core.environment:create_environment_scripts_only(AZ_demo)
[3.343s] Level 1:colcon.colcon_core.environment:checking '/home/mavis/ros2_ws/src/AZ_demo/install/AZ_demo' for CMake module files
[3.344s] Level 1:colcon.colcon_core.environment:checking '/home/mavis/ros2_ws/src/AZ_demo/install/AZ_demo' for CMake config files
[3.345s] Level 1:colcon.colcon_core.shell:create_environment_hook('AZ_demo', 'cmake_prefix_path')
[3.345s] INFO:colcon.colcon_core.shell:Creating environment hook '/home/mavis/ros2_ws/src/AZ_demo/install/AZ_demo/share/AZ_demo/hook/cmake_prefix_path.ps1'
[3.346s] INFO:colcon.colcon_core.shell:Creating environment descriptor '/home/mavis/ros2_ws/src/AZ_demo/install/AZ_demo/share/AZ_demo/hook/cmake_prefix_path.dsv'
[3.346s] INFO:colcon.colcon_core.shell:Creating environment hook '/home/mavis/ros2_ws/src/AZ_demo/install/AZ_demo/share/AZ_demo/hook/cmake_prefix_path.sh'
[3.347s] Level 1:colcon.colcon_core.environment:checking '/home/mavis/ros2_ws/src/AZ_demo/install/AZ_demo/lib'
[3.347s] Level 1:colcon.colcon_core.environment:checking '/home/mavis/ros2_ws/src/AZ_demo/install/AZ_demo/bin'
[3.347s] Level 1:colcon.colcon_core.environment:checking '/home/mavis/ros2_ws/src/AZ_demo/install/AZ_demo/lib/pkgconfig/AZ_demo.pc'
[3.348s] Level 1:colcon.colcon_core.environment:checking '/home/mavis/ros2_ws/src/AZ_demo/install/AZ_demo/lib/python3.12/site-packages'
[3.348s] Level 1:colcon.colcon_core.shell:create_environment_hook('AZ_demo', 'pythonpath')
[3.348s] INFO:colcon.colcon_core.shell:Creating environment hook '/home/mavis/ros2_ws/src/AZ_demo/install/AZ_demo/share/AZ_demo/hook/pythonpath.ps1'
[3.349s] INFO:colcon.colcon_core.shell:Creating environment descriptor '/home/mavis/ros2_ws/src/AZ_demo/install/AZ_demo/share/AZ_demo/hook/pythonpath.dsv'
[3.349s] INFO:colcon.colcon_core.shell:Creating environment hook '/home/mavis/ros2_ws/src/AZ_demo/install/AZ_demo/share/AZ_demo/hook/pythonpath.sh'
[3.373s] Level 1:colcon.colcon_core.environment:checking '/home/mavis/ros2_ws/src/AZ_demo/install/AZ_demo/bin'
[3.373s] INFO:colcon.colcon_core.shell:Creating package script '/home/mavis/ros2_ws/src/AZ_demo/install/AZ_demo/share/AZ_demo/package.ps1'
[3.375s] INFO:colcon.colcon_core.shell:Creating package descriptor '/home/mavis/ros2_ws/src/AZ_demo/install/AZ_demo/share/AZ_demo/package.dsv'
[3.376s] INFO:colcon.colcon_core.shell:Creating package script '/home/mavis/ros2_ws/src/AZ_demo/install/AZ_demo/share/AZ_demo/package.sh'
[3.376s] INFO:colcon.colcon_core.shell:Creating package script '/home/mavis/ros2_ws/src/AZ_demo/install/AZ_demo/share/AZ_demo/package.bash'
[3.377s] INFO:colcon.colcon_core.shell:Creating package script '/home/mavis/ros2_ws/src/AZ_demo/install/AZ_demo/share/AZ_demo/package.zsh'
[3.377s] Level 1:colcon.colcon_core.environment:create_file_with_runtime_dependencies(/home/mavis/ros2_ws/src/AZ_demo/install/AZ_demo/share/colcon-core/packages/AZ_demo)
[3.378s] DEBUG:colcon.colcon_parallel_executor.executor.parallel:closing loop
[3.378s] DEBUG:colcon.colcon_parallel_executor.executor.parallel:loop closed
[3.378s] DEBUG:colcon.colcon_parallel_executor.executor.parallel:run_until_complete finished with '0'
[3.378s] DEBUG:colcon.colcon_core.event_reactor:joining thread
[3.388s] INFO:colcon.colcon_core.plugin_system:Skipping extension 'colcon_notification.desktop_notification.terminal_notifier': Not used on non-Darwin systems
[3.388s] INFO:colcon.colcon_core.plugin_system:Skipping extension 'colcon_notification.desktop_notification.win32': Not used on non-Windows systems
[3.388s] INFO:colcon.colcon_notification.desktop_notification:Sending desktop notification using 'notify2'
[3.418s] DEBUG:colcon.colcon_core.event_reactor:joined thread
[3.419s] INFO:colcon.colcon_core.shell:Creating prefix script '/home/mavis/ros2_ws/src/AZ_demo/install/local_setup.ps1'
[3.420s] INFO:colcon.colcon_core.shell:Creating prefix util module '/home/mavis/ros2_ws/src/AZ_demo/install/_local_setup_util_ps1.py'
[3.423s] INFO:colcon.colcon_core.shell:Creating prefix chain script '/home/mavis/ros2_ws/src/AZ_demo/install/setup.ps1'
[3.433s] INFO:colcon.colcon_core.shell:Creating prefix script '/home/mavis/ros2_ws/src/AZ_demo/install/local_setup.sh'
[3.434s] INFO:colcon.colcon_core.shell:Creating prefix util module '/home/mavis/ros2_ws/src/AZ_demo/install/_local_setup_util_sh.py'
[3.435s] INFO:colcon.colcon_core.shell:Creating prefix chain script '/home/mavis/ros2_ws/src/AZ_demo/install/setup.sh'
[3.442s] INFO:colcon.colcon_core.shell:Creating prefix script '/home/mavis/ros2_ws/src/AZ_demo/install/local_setup.bash'
[3.443s] INFO:colcon.colcon_core.shell:Creating prefix chain script '/home/mavis/ros2_ws/src/AZ_demo/install/setup.bash'
[3.454s] INFO:colcon.colcon_core.shell:Creating prefix script '/home/mavis/ros2_ws/src/AZ_demo/install/local_setup.zsh'
[3.455s] INFO:colcon.colcon_core.shell:Creating prefix chain script '/home/mavis/ros2_ws/src/AZ_demo/install/setup.zsh'
