[0.017s] Invoking command in '/home/mavis/ros2_ws/src/AZ_demo/build/AZ_demo': CMAKE_PREFIX_PATH=${CMAKE_PREFIX_PATH}:/home/mavis/ros2_ws/install/rqt_joint_trajectory_controller:/home/mavis/ros2_ws/install/rqt_controller_manager:/home/mavis/ros2_ws/install/ros2controlcli:/home/mavis/ros2_ws/install/ros2_controllers_test_nodes:/home/mavis/ros2_ws/install/generate_parameter_module_example:/home/mavis/ros2_ws/install/generate_parameter_library_py:/opt/ros/jazzy DEBUGINFOD_URLS=https://debuginfod.ubuntu.com /usr/bin/cmake /home/mavis/ros2_ws/src/AZ_demo -DCMAKE_INSTALL_PREFIX=/home/mavis/ros2_ws/src/AZ_demo/install/AZ_demo
[0.121s] -- The C compiler identification is GNU 13.3.0
[0.238s] -- The CXX compiler identification is GNU 13.3.0
[0.271s] -- Detecting C compiler ABI info
[0.485s] -- Detecting C compiler ABI info - done
[0.497s] -- Check for working C compiler: /usr/bin/cc - skipped
[0.497s] -- Detecting C compile features
[0.498s] -- Detecting C compile features - done
[0.510s] -- Detecting CXX compiler ABI info
[0.714s] -- Detecting CXX compiler ABI info - done
[0.727s] -- Check for working CXX compiler: /usr/bin/c++ - skipped
[0.727s] -- Detecting CXX compile features
[0.728s] -- Detecting CXX compile features - done
[0.744s] -- Found ament_cmake: 2.5.6 (/opt/ros/jazzy/share/ament_cmake/cmake)
[1.047s] -- Found Python3: /usr/bin/python3 (found version "3.12.3") found components: Interpreter 
[1.388s] WARNING: Package name "AZ_demo" does not follow the naming conventions. It should start with a lower case letter and only contain lower case letters, digits, underscores, and dashes.
[1.413s] -- Found ament_lint_auto: 0.17.5 (/opt/ros/jazzy/share/ament_lint_auto/cmake)
[1.527s] WARNING: Package name "AZ_demo" does not follow the naming conventions. It should start with a lower case letter and only contain lower case letters, digits, underscores, and dashes.
[1.628s] -- Added test 'cppcheck' to perform static code analysis on C / C++ code
[1.628s] -- Configured cppcheck include dirs: $<BUILD_INTERFACE:/home/mavis/ros2_ws/src/AZ_demo/include>
[1.628s] -- Configured cppcheck exclude dirs and/or files: 
[1.631s] -- Added test 'flake8' to check Python code syntax and style conventions
[1.631s] -- Configured 'flake8' exclude dirs and/or files: 
[1.634s] -- Added test 'lint_cmake' to check CMake code style
[1.637s] -- Added test 'pep257' to check Python code against some of the docstring style conventions in PEP 257
[1.645s] -- Added test 'uncrustify' to check C / C++ code style
[1.646s] -- Configured uncrustify additional arguments: 
[1.648s] -- Added test 'xmllint' to check XML markup files
[1.652s] -- Configuring done (1.6s)
[1.658s] -- Generating done (0.0s)
[1.661s] -- Build files have been written to: /home/mavis/ros2_ws/src/AZ_demo/build/AZ_demo
[1.668s] Invoked command in '/home/mavis/ros2_ws/src/AZ_demo/build/AZ_demo' returned '0': CMAKE_PREFIX_PATH=${CMAKE_PREFIX_PATH}:/home/mavis/ros2_ws/install/rqt_joint_trajectory_controller:/home/mavis/ros2_ws/install/rqt_controller_manager:/home/mavis/ros2_ws/install/ros2controlcli:/home/mavis/ros2_ws/install/ros2_controllers_test_nodes:/home/mavis/ros2_ws/install/generate_parameter_module_example:/home/mavis/ros2_ws/install/generate_parameter_library_py:/opt/ros/jazzy DEBUGINFOD_URLS=https://debuginfod.ubuntu.com /usr/bin/cmake /home/mavis/ros2_ws/src/AZ_demo -DCMAKE_INSTALL_PREFIX=/home/mavis/ros2_ws/src/AZ_demo/install/AZ_demo
[1.669s] Invoking command in '/home/mavis/ros2_ws/src/AZ_demo/build/AZ_demo': CMAKE_PREFIX_PATH=${CMAKE_PREFIX_PATH}:/home/mavis/ros2_ws/install/rqt_joint_trajectory_controller:/home/mavis/ros2_ws/install/rqt_controller_manager:/home/mavis/ros2_ws/install/ros2controlcli:/home/mavis/ros2_ws/install/ros2_controllers_test_nodes:/home/mavis/ros2_ws/install/generate_parameter_module_example:/home/mavis/ros2_ws/install/generate_parameter_library_py:/opt/ros/jazzy DEBUGINFOD_URLS=https://debuginfod.ubuntu.com /usr/bin/cmake --build /home/mavis/ros2_ws/src/AZ_demo/build/AZ_demo -- -j8 -l8
[1.753s] [ 50%] [32mBuilding CXX object CMakeFiles/execute_prerecorded.dir/src/execute_prerecorded.cpp.o[0m
[1.771s] [ 50%] Built target ament_cmake_python_copy_AZ_demo
[1.771s] [ 50%] Built target ament_cmake_python_copy_AZ_demo_setup
[1.809s] [100%] [32m[1mLinking CXX executable execute_prerecorded[0m
[1.884s] [100%] Built target execute_prerecorded
[2.049s] running egg_info
[2.050s] creating AZ_demo.egg-info
[2.071s] writing AZ_demo.egg-info/PKG-INFO
[2.071s] writing dependency_links to AZ_demo.egg-info/dependency_links.txt
[2.072s] writing top-level names to AZ_demo.egg-info/top_level.txt
[2.072s] writing manifest file 'AZ_demo.egg-info/SOURCES.txt'
[2.136s] reading manifest file 'AZ_demo.egg-info/SOURCES.txt'
[2.136s] writing manifest file 'AZ_demo.egg-info/SOURCES.txt'
[2.170s] [100%] Built target ament_cmake_python_build_AZ_demo_egg
[2.189s] Invoked command in '/home/mavis/ros2_ws/src/AZ_demo/build/AZ_demo' returned '0': CMAKE_PREFIX_PATH=${CMAKE_PREFIX_PATH}:/home/mavis/ros2_ws/install/rqt_joint_trajectory_controller:/home/mavis/ros2_ws/install/rqt_controller_manager:/home/mavis/ros2_ws/install/ros2controlcli:/home/mavis/ros2_ws/install/ros2_controllers_test_nodes:/home/mavis/ros2_ws/install/generate_parameter_module_example:/home/mavis/ros2_ws/install/generate_parameter_library_py:/opt/ros/jazzy DEBUGINFOD_URLS=https://debuginfod.ubuntu.com /usr/bin/cmake --build /home/mavis/ros2_ws/src/AZ_demo/build/AZ_demo -- -j8 -l8
[2.211s] Invoking command in '/home/mavis/ros2_ws/src/AZ_demo/build/AZ_demo': CMAKE_PREFIX_PATH=${CMAKE_PREFIX_PATH}:/home/mavis/ros2_ws/install/rqt_joint_trajectory_controller:/home/mavis/ros2_ws/install/rqt_controller_manager:/home/mavis/ros2_ws/install/ros2controlcli:/home/mavis/ros2_ws/install/ros2_controllers_test_nodes:/home/mavis/ros2_ws/install/generate_parameter_module_example:/home/mavis/ros2_ws/install/generate_parameter_library_py:/opt/ros/jazzy DEBUGINFOD_URLS=https://debuginfod.ubuntu.com /usr/bin/cmake --install /home/mavis/ros2_ws/src/AZ_demo/build/AZ_demo
[2.226s] -- Install configuration: ""
[2.226s] -- Installing: /home/mavis/ros2_ws/src/AZ_demo/install/AZ_demo/lib/AZ_demo/execute_prerecorded
[2.226s] -- Installing: /home/mavis/ros2_ws/src/AZ_demo/install/AZ_demo/share/AZ_demo/environment/pythonpath.sh
[2.226s] -- Installing: /home/mavis/ros2_ws/src/AZ_demo/install/AZ_demo/share/AZ_demo/environment/pythonpath.dsv
[2.227s] -- Installing: /home/mavis/ros2_ws/src/AZ_demo/install/AZ_demo/lib/python3.12/site-packages/AZ_demo-0.0.0-py3.12.egg-info
[2.227s] -- Installing: /home/mavis/ros2_ws/src/AZ_demo/install/AZ_demo/lib/python3.12/site-packages/AZ_demo-0.0.0-py3.12.egg-info/dependency_links.txt
[2.227s] -- Installing: /home/mavis/ros2_ws/src/AZ_demo/install/AZ_demo/lib/python3.12/site-packages/AZ_demo-0.0.0-py3.12.egg-info/PKG-INFO
[2.227s] -- Installing: /home/mavis/ros2_ws/src/AZ_demo/install/AZ_demo/lib/python3.12/site-packages/AZ_demo-0.0.0-py3.12.egg-info/SOURCES.txt
[2.227s] -- Installing: /home/mavis/ros2_ws/src/AZ_demo/install/AZ_demo/lib/python3.12/site-packages/AZ_demo-0.0.0-py3.12.egg-info/top_level.txt
[2.227s] -- Installing: /home/mavis/ros2_ws/src/AZ_demo/install/AZ_demo/lib/python3.12/site-packages/AZ_demo
[2.227s] -- Installing: /home/mavis/ros2_ws/src/AZ_demo/install/AZ_demo/lib/python3.12/site-packages/AZ_demo/__init__.py
[2.293s] Listing '/home/mavis/ros2_ws/src/AZ_demo/install/AZ_demo/lib/python3.12/site-packages/AZ_demo'...
[2.293s] Compiling '/home/mavis/ros2_ws/src/AZ_demo/install/AZ_demo/lib/python3.12/site-packages/AZ_demo/__init__.py'...
[2.299s] -- Installing: /home/mavis/ros2_ws/src/AZ_demo/install/AZ_demo/lib/AZ_demo/get_joints
[2.300s] -- Installing: /home/mavis/ros2_ws/src/AZ_demo/install/AZ_demo/share/AZ_demo/launch
[2.300s] -- Installing: /home/mavis/ros2_ws/src/AZ_demo/install/AZ_demo/share/AZ_demo/launch/launch_arm.xml
[2.300s] -- Installing: /home/mavis/ros2_ws/src/AZ_demo/install/AZ_demo/share/AZ_demo/launch/record_trajectories.xml
[2.300s] -- Installing: /home/mavis/ros2_ws/src/AZ_demo/install/AZ_demo/share/AZ_demo/launch/record.launch.py
[2.300s] -- Installing: /home/mavis/ros2_ws/src/AZ_demo/install/AZ_demo/share/ament_index/resource_index/package_run_dependencies/AZ_demo
[2.300s] -- Installing: /home/mavis/ros2_ws/src/AZ_demo/install/AZ_demo/share/ament_index/resource_index/parent_prefix_path/AZ_demo
[2.300s] -- Installing: /home/mavis/ros2_ws/src/AZ_demo/install/AZ_demo/share/AZ_demo/environment/ament_prefix_path.sh
[2.300s] -- Installing: /home/mavis/ros2_ws/src/AZ_demo/install/AZ_demo/share/AZ_demo/environment/ament_prefix_path.dsv
[2.301s] -- Installing: /home/mavis/ros2_ws/src/AZ_demo/install/AZ_demo/share/AZ_demo/environment/path.sh
[2.301s] -- Installing: /home/mavis/ros2_ws/src/AZ_demo/install/AZ_demo/share/AZ_demo/environment/path.dsv
[2.301s] -- Installing: /home/mavis/ros2_ws/src/AZ_demo/install/AZ_demo/share/AZ_demo/local_setup.bash
[2.301s] -- Installing: /home/mavis/ros2_ws/src/AZ_demo/install/AZ_demo/share/AZ_demo/local_setup.sh
[2.301s] -- Installing: /home/mavis/ros2_ws/src/AZ_demo/install/AZ_demo/share/AZ_demo/local_setup.zsh
[2.301s] -- Installing: /home/mavis/ros2_ws/src/AZ_demo/install/AZ_demo/share/AZ_demo/local_setup.dsv
[2.301s] -- Installing: /home/mavis/ros2_ws/src/AZ_demo/install/AZ_demo/share/AZ_demo/package.dsv
[2.301s] -- Installing: /home/mavis/ros2_ws/src/AZ_demo/install/AZ_demo/share/ament_index/resource_index/packages/AZ_demo
[2.301s] -- Installing: /home/mavis/ros2_ws/src/AZ_demo/install/AZ_demo/share/AZ_demo/cmake/AZ_demoConfig.cmake
[2.301s] -- Installing: /home/mavis/ros2_ws/src/AZ_demo/install/AZ_demo/share/AZ_demo/cmake/AZ_demoConfig-version.cmake
[2.301s] -- Installing: /home/mavis/ros2_ws/src/AZ_demo/install/AZ_demo/share/AZ_demo/package.xml
[2.304s] Invoked command in '/home/mavis/ros2_ws/src/AZ_demo/build/AZ_demo' returned '0': CMAKE_PREFIX_PATH=${CMAKE_PREFIX_PATH}:/home/mavis/ros2_ws/install/rqt_joint_trajectory_controller:/home/mavis/ros2_ws/install/rqt_controller_manager:/home/mavis/ros2_ws/install/ros2controlcli:/home/mavis/ros2_ws/install/ros2_controllers_test_nodes:/home/mavis/ros2_ws/install/generate_parameter_module_example:/home/mavis/ros2_ws/install/generate_parameter_library_py:/opt/ros/jazzy DEBUGINFOD_URLS=https://debuginfod.ubuntu.com /usr/bin/cmake --install /home/mavis/ros2_ws/src/AZ_demo/build/AZ_demo
