[0.110s] DEBUG:colcon:Command line arguments: ['/usr/bin/colcon', 'build', '--packages-select', 'AZ_demo']
[0.110s] DEBUG:colcon:Parsed command line arguments: Namespace(log_base=None, log_level=None, verb_name='build', build_base='build', install_base='install', merge_install=False, symlink_install=False, test_result_base=None, continue_on_error=False, executor='parallel', parallel_workers=8, event_handlers=None, ignore_user_meta=False, metas=['./colcon.meta'], base_paths=['.'], packages_ignore=None, packages_ignore_regex=None, paths=None, packages_up_to=None, packages_up_to_regex=None, packages_above=None, packages_above_and_dependencies=None, packages_above_depth=None, packages_select_by_dep=None, packages_skip_by_dep=None, packages_skip_up_to=None, packages_select_build_failed=False, packages_skip_build_finished=False, packages_select_test_failures=False, packages_skip_test_passed=False, packages_select=['AZ_demo'], packages_skip=None, packages_select_regex=None, packages_skip_regex=None, packages_start=None, packages_end=None, allow_overriding=[], cmake_args=None, cmake_target=None, cmake_target_skip_unavailable=False, cmake_clean_cache=False, cmake_clean_first=False, cmake_force_configure=False, ament_cmake_args=None, catkin_cmake_args=None, catkin_skip_building_tests=False, mixin_files=None, mixin=None, verb_parser=<colcon_mixin.mixin.mixin_argument.MixinArgumentDecorator object at 0x71aac09ad610>, verb_extension=<colcon_core.verb.build.BuildVerb object at 0x71aac0acd970>, main=<bound method BuildVerb.main of <colcon_core.verb.build.BuildVerb object at 0x71aac0acd970>>, mixin_verb=('build',))
[0.148s] Level 1:colcon.colcon_core.package_discovery:discover_packages(colcon_meta) check parameters
[0.149s] Level 1:colcon.colcon_core.package_discovery:discover_packages(recursive) check parameters
[0.149s] Level 1:colcon.colcon_core.package_discovery:discover_packages(ignore) check parameters
[0.149s] Level 1:colcon.colcon_core.package_discovery:discover_packages(path) check parameters
[0.149s] Level 1:colcon.colcon_core.package_discovery:discover_packages(colcon_meta) discover
[0.149s] Level 1:colcon.colcon_core.package_discovery:discover_packages(recursive) discover
[0.149s] INFO:colcon.colcon_core.package_discovery:Crawling recursively for packages in '/home/mavis/ros2_ws/src/AZ_demo'
[0.149s] Level 1:colcon.colcon_core.package_identification:_identify(.) by extensions ['ignore', 'ignore_ament_install']
[0.149s] Level 1:colcon.colcon_core.package_identification:_identify(.) by extension 'ignore'
[0.149s] Level 1:colcon.colcon_core.package_identification:_identify(.) by extension 'ignore_ament_install'
[0.149s] Level 1:colcon.colcon_core.package_identification:_identify(.) by extensions ['colcon_pkg']
[0.149s] Level 1:colcon.colcon_core.package_identification:_identify(.) by extension 'colcon_pkg'
[0.149s] Level 1:colcon.colcon_core.package_identification:_identify(.) by extensions ['colcon_meta']
[0.149s] Level 1:colcon.colcon_core.package_identification:_identify(.) by extension 'colcon_meta'
[0.149s] Level 1:colcon.colcon_core.package_identification:_identify(.) by extensions ['ros']
[0.149s] Level 1:colcon.colcon_core.package_identification:_identify(.) by extension 'ros'
[0.178s] DEBUG:colcon.colcon_core.package_identification:Package '.' with type 'ros.ament_cmake' and name 'AZ_demo'
[0.178s] Level 1:colcon.colcon_core.package_discovery:discover_packages(recursive) using defaults
[0.178s] Level 1:colcon.colcon_core.package_discovery:discover_packages(ignore) discover
[0.179s] Level 1:colcon.colcon_core.package_discovery:discover_packages(ignore) using defaults
[0.179s] Level 1:colcon.colcon_core.package_discovery:discover_packages(path) discover
[0.179s] Level 1:colcon.colcon_core.package_discovery:discover_packages(path) using defaults
[0.199s] Level 1:colcon.colcon_core.package_discovery:discover_packages(prefix_path) check parameters
[0.199s] Level 1:colcon.colcon_core.package_discovery:discover_packages(prefix_path) discover
[0.204s] DEBUG:colcon.colcon_installed_package_information.package_discovery:Found 69 installed packages in /home/mavis/ros2_ws/install
[0.206s] DEBUG:colcon.colcon_installed_package_information.package_discovery:Found 371 installed packages in /opt/ros/jazzy
[0.208s] Level 1:colcon.colcon_core.package_discovery:discover_packages(prefix_path) using defaults
[0.263s] Level 5:colcon.colcon_core.verb:set package 'AZ_demo' build argument 'cmake_args' from command line to 'None'
[0.263s] Level 5:colcon.colcon_core.verb:set package 'AZ_demo' build argument 'cmake_target' from command line to 'None'
[0.263s] Level 5:colcon.colcon_core.verb:set package 'AZ_demo' build argument 'cmake_target_skip_unavailable' from command line to 'False'
[0.263s] Level 5:colcon.colcon_core.verb:set package 'AZ_demo' build argument 'cmake_clean_cache' from command line to 'False'
[0.263s] Level 5:colcon.colcon_core.verb:set package 'AZ_demo' build argument 'cmake_clean_first' from command line to 'False'
[0.263s] Level 5:colcon.colcon_core.verb:set package 'AZ_demo' build argument 'cmake_force_configure' from command line to 'False'
[0.263s] Level 5:colcon.colcon_core.verb:set package 'AZ_demo' build argument 'ament_cmake_args' from command line to 'None'
[0.263s] Level 5:colcon.colcon_core.verb:set package 'AZ_demo' build argument 'catkin_cmake_args' from command line to 'None'
[0.263s] Level 5:colcon.colcon_core.verb:set package 'AZ_demo' build argument 'catkin_skip_building_tests' from command line to 'False'
[0.263s] DEBUG:colcon.colcon_core.verb:Building package 'AZ_demo' with the following arguments: {'ament_cmake_args': None, 'build_base': '/home/mavis/ros2_ws/src/AZ_demo/build/AZ_demo', 'catkin_cmake_args': None, 'catkin_skip_building_tests': False, 'cmake_args': None, 'cmake_clean_cache': False, 'cmake_clean_first': False, 'cmake_force_configure': False, 'cmake_target': None, 'cmake_target_skip_unavailable': False, 'install_base': '/home/mavis/ros2_ws/src/AZ_demo/install/AZ_demo', 'merge_install': False, 'path': '/home/mavis/ros2_ws/src/AZ_demo', 'symlink_install': False, 'test_result_base': None}
[0.263s] INFO:colcon.colcon_core.executor:Executing jobs using 'parallel' executor
[0.264s] DEBUG:colcon.colcon_parallel_executor.executor.parallel:run_until_complete
[0.265s] INFO:colcon.colcon_ros.task.ament_cmake.build:Building ROS package in '/home/mavis/ros2_ws/src/AZ_demo' with build type 'ament_cmake'
[0.265s] INFO:colcon.colcon_cmake.task.cmake.build:Building CMake package in '/home/mavis/ros2_ws/src/AZ_demo'
[0.267s] INFO:colcon.colcon_core.plugin_system:Skipping extension 'colcon_core.shell.bat': Not used on non-Windows systems
[0.267s] INFO:colcon.colcon_core.shell:Skip shell extension 'powershell' for command environment: Not usable outside of PowerShell
[0.267s] DEBUG:colcon.colcon_core.shell:Skip shell extension 'dsv' for command environment
[0.281s] DEBUG:colcon.colcon_core.event_handler.log_command:Invoking command in '/home/mavis/ros2_ws/src/AZ_demo/build/AZ_demo': CMAKE_PREFIX_PATH=${CMAKE_PREFIX_PATH}:/home/mavis/ros2_ws/install/rqt_joint_trajectory_controller:/home/mavis/ros2_ws/install/rqt_controller_manager:/home/mavis/ros2_ws/install/ros2controlcli:/home/mavis/ros2_ws/install/ros2_controllers_test_nodes:/home/mavis/ros2_ws/install/generate_parameter_module_example:/home/mavis/ros2_ws/install/generate_parameter_library_py:/opt/ros/jazzy DEBUGINFOD_URLS=https://debuginfod.ubuntu.com /usr/bin/cmake --build /home/mavis/ros2_ws/src/AZ_demo/build/AZ_demo -- -j8 -l8
[0.816s] DEBUG:colcon.colcon_core.event_handler.log_command:Invoked command in '/home/mavis/ros2_ws/src/AZ_demo/build/AZ_demo' returned '0': CMAKE_PREFIX_PATH=${CMAKE_PREFIX_PATH}:/home/mavis/ros2_ws/install/rqt_joint_trajectory_controller:/home/mavis/ros2_ws/install/rqt_controller_manager:/home/mavis/ros2_ws/install/ros2controlcli:/home/mavis/ros2_ws/install/ros2_controllers_test_nodes:/home/mavis/ros2_ws/install/generate_parameter_module_example:/home/mavis/ros2_ws/install/generate_parameter_library_py:/opt/ros/jazzy DEBUGINFOD_URLS=https://debuginfod.ubuntu.com /usr/bin/cmake --build /home/mavis/ros2_ws/src/AZ_demo/build/AZ_demo -- -j8 -l8
[0.843s] DEBUG:colcon.colcon_core.event_handler.log_command:Invoking command in '/home/mavis/ros2_ws/src/AZ_demo/build/AZ_demo': CMAKE_PREFIX_PATH=${CMAKE_PREFIX_PATH}:/home/mavis/ros2_ws/install/rqt_joint_trajectory_controller:/home/mavis/ros2_ws/install/rqt_controller_manager:/home/mavis/ros2_ws/install/ros2controlcli:/home/mavis/ros2_ws/install/ros2_controllers_test_nodes:/home/mavis/ros2_ws/install/generate_parameter_module_example:/home/mavis/ros2_ws/install/generate_parameter_library_py:/opt/ros/jazzy DEBUGINFOD_URLS=https://debuginfod.ubuntu.com /usr/bin/cmake --install /home/mavis/ros2_ws/src/AZ_demo/build/AZ_demo
[0.948s] Level 1:colcon.colcon_core.environment:create_environment_scripts_only(AZ_demo)
[0.949s] DEBUG:colcon.colcon_core.event_handler.log_command:Invoked command in '/home/mavis/ros2_ws/src/AZ_demo/build/AZ_demo' returned '0': CMAKE_PREFIX_PATH=${CMAKE_PREFIX_PATH}:/home/mavis/ros2_ws/install/rqt_joint_trajectory_controller:/home/mavis/ros2_ws/install/rqt_controller_manager:/home/mavis/ros2_ws/install/ros2controlcli:/home/mavis/ros2_ws/install/ros2_controllers_test_nodes:/home/mavis/ros2_ws/install/generate_parameter_module_example:/home/mavis/ros2_ws/install/generate_parameter_library_py:/opt/ros/jazzy DEBUGINFOD_URLS=https://debuginfod.ubuntu.com /usr/bin/cmake --install /home/mavis/ros2_ws/src/AZ_demo/build/AZ_demo
[0.952s] Level 1:colcon.colcon_core.environment:checking '/home/mavis/ros2_ws/src/AZ_demo/install/AZ_demo' for CMake module files
[0.952s] Level 1:colcon.colcon_core.environment:checking '/home/mavis/ros2_ws/src/AZ_demo/install/AZ_demo' for CMake config files
[0.953s] Level 1:colcon.colcon_core.shell:create_environment_hook('AZ_demo', 'cmake_prefix_path')
[0.953s] INFO:colcon.colcon_core.shell:Creating environment hook '/home/mavis/ros2_ws/src/AZ_demo/install/AZ_demo/share/AZ_demo/hook/cmake_prefix_path.ps1'
[0.954s] INFO:colcon.colcon_core.shell:Creating environment descriptor '/home/mavis/ros2_ws/src/AZ_demo/install/AZ_demo/share/AZ_demo/hook/cmake_prefix_path.dsv'
[0.954s] INFO:colcon.colcon_core.shell:Creating environment hook '/home/mavis/ros2_ws/src/AZ_demo/install/AZ_demo/share/AZ_demo/hook/cmake_prefix_path.sh'
[0.955s] Level 1:colcon.colcon_core.environment:checking '/home/mavis/ros2_ws/src/AZ_demo/install/AZ_demo/lib'
[0.955s] Level 1:colcon.colcon_core.environment:checking '/home/mavis/ros2_ws/src/AZ_demo/install/AZ_demo/bin'
[0.956s] Level 1:colcon.colcon_core.environment:checking '/home/mavis/ros2_ws/src/AZ_demo/install/AZ_demo/lib/pkgconfig/AZ_demo.pc'
[0.956s] Level 1:colcon.colcon_core.environment:checking '/home/mavis/ros2_ws/src/AZ_demo/install/AZ_demo/lib/python3.12/site-packages'
[0.956s] Level 1:colcon.colcon_core.shell:create_environment_hook('AZ_demo', 'pythonpath')
[0.956s] INFO:colcon.colcon_core.shell:Creating environment hook '/home/mavis/ros2_ws/src/AZ_demo/install/AZ_demo/share/AZ_demo/hook/pythonpath.ps1'
[0.957s] INFO:colcon.colcon_core.shell:Creating environment descriptor '/home/mavis/ros2_ws/src/AZ_demo/install/AZ_demo/share/AZ_demo/hook/pythonpath.dsv'
[0.957s] INFO:colcon.colcon_core.shell:Creating environment hook '/home/mavis/ros2_ws/src/AZ_demo/install/AZ_demo/share/AZ_demo/hook/pythonpath.sh'
[0.958s] Level 1:colcon.colcon_core.environment:checking '/home/mavis/ros2_ws/src/AZ_demo/install/AZ_demo/bin'
[0.959s] INFO:colcon.colcon_core.shell:Creating package script '/home/mavis/ros2_ws/src/AZ_demo/install/AZ_demo/share/AZ_demo/package.ps1'
[0.960s] INFO:colcon.colcon_core.shell:Creating package descriptor '/home/mavis/ros2_ws/src/AZ_demo/install/AZ_demo/share/AZ_demo/package.dsv'
[0.961s] INFO:colcon.colcon_core.shell:Creating package script '/home/mavis/ros2_ws/src/AZ_demo/install/AZ_demo/share/AZ_demo/package.sh'
[0.962s] INFO:colcon.colcon_core.shell:Creating package script '/home/mavis/ros2_ws/src/AZ_demo/install/AZ_demo/share/AZ_demo/package.bash'
[0.963s] INFO:colcon.colcon_core.shell:Creating package script '/home/mavis/ros2_ws/src/AZ_demo/install/AZ_demo/share/AZ_demo/package.zsh'
[0.963s] Level 1:colcon.colcon_core.environment:create_file_with_runtime_dependencies(/home/mavis/ros2_ws/src/AZ_demo/install/AZ_demo/share/colcon-core/packages/AZ_demo)
[0.964s] Level 1:colcon.colcon_core.environment:create_environment_scripts_only(AZ_demo)
[0.965s] Level 1:colcon.colcon_core.environment:checking '/home/mavis/ros2_ws/src/AZ_demo/install/AZ_demo' for CMake module files
[0.966s] Level 1:colcon.colcon_core.environment:checking '/home/mavis/ros2_ws/src/AZ_demo/install/AZ_demo' for CMake config files
[0.966s] Level 1:colcon.colcon_core.shell:create_environment_hook('AZ_demo', 'cmake_prefix_path')
[0.966s] INFO:colcon.colcon_core.shell:Creating environment hook '/home/mavis/ros2_ws/src/AZ_demo/install/AZ_demo/share/AZ_demo/hook/cmake_prefix_path.ps1'
[0.967s] INFO:colcon.colcon_core.shell:Creating environment descriptor '/home/mavis/ros2_ws/src/AZ_demo/install/AZ_demo/share/AZ_demo/hook/cmake_prefix_path.dsv'
[0.968s] INFO:colcon.colcon_core.shell:Creating environment hook '/home/mavis/ros2_ws/src/AZ_demo/install/AZ_demo/share/AZ_demo/hook/cmake_prefix_path.sh'
[0.969s] Level 1:colcon.colcon_core.environment:checking '/home/mavis/ros2_ws/src/AZ_demo/install/AZ_demo/lib'
[0.969s] Level 1:colcon.colcon_core.environment:checking '/home/mavis/ros2_ws/src/AZ_demo/install/AZ_demo/bin'
[0.969s] Level 1:colcon.colcon_core.environment:checking '/home/mavis/ros2_ws/src/AZ_demo/install/AZ_demo/lib/pkgconfig/AZ_demo.pc'
[0.970s] Level 1:colcon.colcon_core.environment:checking '/home/mavis/ros2_ws/src/AZ_demo/install/AZ_demo/lib/python3.12/site-packages'
[0.970s] Level 1:colcon.colcon_core.shell:create_environment_hook('AZ_demo', 'pythonpath')
[0.970s] INFO:colcon.colcon_core.shell:Creating environment hook '/home/mavis/ros2_ws/src/AZ_demo/install/AZ_demo/share/AZ_demo/hook/pythonpath.ps1'
[0.971s] INFO:colcon.colcon_core.shell:Creating environment descriptor '/home/mavis/ros2_ws/src/AZ_demo/install/AZ_demo/share/AZ_demo/hook/pythonpath.dsv'
[0.972s] INFO:colcon.colcon_core.shell:Creating environment hook '/home/mavis/ros2_ws/src/AZ_demo/install/AZ_demo/share/AZ_demo/hook/pythonpath.sh'
[0.973s] Level 1:colcon.colcon_core.environment:checking '/home/mavis/ros2_ws/src/AZ_demo/install/AZ_demo/bin'
[0.974s] INFO:colcon.colcon_core.shell:Creating package script '/home/mavis/ros2_ws/src/AZ_demo/install/AZ_demo/share/AZ_demo/package.ps1'
[0.975s] INFO:colcon.colcon_core.shell:Creating package descriptor '/home/mavis/ros2_ws/src/AZ_demo/install/AZ_demo/share/AZ_demo/package.dsv'
[0.976s] INFO:colcon.colcon_core.shell:Creating package script '/home/mavis/ros2_ws/src/AZ_demo/install/AZ_demo/share/AZ_demo/package.sh'
[0.977s] INFO:colcon.colcon_core.shell:Creating package script '/home/mavis/ros2_ws/src/AZ_demo/install/AZ_demo/share/AZ_demo/package.bash'
[0.978s] INFO:colcon.colcon_core.shell:Creating package script '/home/mavis/ros2_ws/src/AZ_demo/install/AZ_demo/share/AZ_demo/package.zsh'
[0.978s] Level 1:colcon.colcon_core.environment:create_file_with_runtime_dependencies(/home/mavis/ros2_ws/src/AZ_demo/install/AZ_demo/share/colcon-core/packages/AZ_demo)
[0.979s] DEBUG:colcon.colcon_parallel_executor.executor.parallel:closing loop
[0.980s] DEBUG:colcon.colcon_parallel_executor.executor.parallel:loop closed
[0.980s] DEBUG:colcon.colcon_parallel_executor.executor.parallel:run_until_complete finished with '0'
[0.980s] DEBUG:colcon.colcon_core.event_reactor:joining thread
[0.991s] INFO:colcon.colcon_core.plugin_system:Skipping extension 'colcon_notification.desktop_notification.terminal_notifier': Not used on non-Darwin systems
[0.991s] INFO:colcon.colcon_core.plugin_system:Skipping extension 'colcon_notification.desktop_notification.win32': Not used on non-Windows systems
[0.991s] INFO:colcon.colcon_notification.desktop_notification:Sending desktop notification using 'notify2'
[1.017s] DEBUG:colcon.colcon_core.event_reactor:joined thread
[1.018s] INFO:colcon.colcon_core.shell:Creating prefix script '/home/mavis/ros2_ws/src/AZ_demo/install/local_setup.ps1'
[1.020s] INFO:colcon.colcon_core.shell:Creating prefix util module '/home/mavis/ros2_ws/src/AZ_demo/install/_local_setup_util_ps1.py'
[1.023s] INFO:colcon.colcon_core.shell:Creating prefix chain script '/home/mavis/ros2_ws/src/AZ_demo/install/setup.ps1'
[1.029s] INFO:colcon.colcon_core.shell:Creating prefix script '/home/mavis/ros2_ws/src/AZ_demo/install/local_setup.sh'
[1.030s] INFO:colcon.colcon_core.shell:Creating prefix util module '/home/mavis/ros2_ws/src/AZ_demo/install/_local_setup_util_sh.py'
[1.031s] INFO:colcon.colcon_core.shell:Creating prefix chain script '/home/mavis/ros2_ws/src/AZ_demo/install/setup.sh'
[1.038s] INFO:colcon.colcon_core.shell:Creating prefix script '/home/mavis/ros2_ws/src/AZ_demo/install/local_setup.bash'
[1.038s] INFO:colcon.colcon_core.shell:Creating prefix chain script '/home/mavis/ros2_ws/src/AZ_demo/install/setup.bash'
[1.044s] INFO:colcon.colcon_core.shell:Creating prefix script '/home/mavis/ros2_ws/src/AZ_demo/install/local_setup.zsh'
[1.045s] INFO:colcon.colcon_core.shell:Creating prefix chain script '/home/mavis/ros2_ws/src/AZ_demo/install/setup.zsh'
