[0.020s] Invoking command in '/home/mavis/ros2_ws/src/AZ_demo/build/AZ_demo': CMAKE_PREFIX_PATH=${CMAKE_PREFIX_PATH}:/home/mavis/ros2_ws/install/rqt_joint_trajectory_controller:/home/mavis/ros2_ws/install/rqt_controller_manager:/home/mavis/ros2_ws/install/ros2controlcli:/home/mavis/ros2_ws/install/ros2_controllers_test_nodes:/home/mavis/ros2_ws/install/generate_parameter_module_example:/home/mavis/ros2_ws/install/generate_parameter_library_py:/opt/ros/jazzy DEBUGINFOD_URLS=https://debuginfod.ubuntu.com /usr/bin/cmake /home/mavis/ros2_ws/src/AZ_demo -DCMAKE_INSTALL_PREFIX=/home/mavis/ros2_ws/src/AZ_demo/install/AZ_demo
[0.127s] -- The C compiler identification is GNU 13.3.0
[0.242s] -- The CXX compiler identification is GNU 13.3.0
[0.272s] -- Detecting C compiler ABI info
[0.496s] -- Detecting C compiler ABI info - done
[0.513s] -- Check for working C compiler: /usr/bin/cc - skipped
[0.514s] -- Detecting C compile features
[0.515s] -- Detecting C compile features - done
[0.537s] -- Detecting CXX compiler ABI info
[0.769s] -- Detecting CXX compiler ABI info - done
[0.784s] -- Check for working CXX compiler: /usr/bin/c++ - skipped
[0.784s] -- Detecting CXX compile features
[0.786s] -- Detecting CXX compile features - done
[0.804s] -- Found ament_cmake: 2.5.6 (/opt/ros/jazzy/share/ament_cmake/cmake)
[1.144s] -- Found Python3: /usr/bin/python3 (found version "3.12.3") found components: Interpreter 
[1.542s] WARNING: Package name "AZ_demo" does not follow the naming conventions. It should start with a lower case letter and only contain lower case letters, digits, underscores, and dashes.
[1.569s] -- Found ament_lint_auto: 0.17.5 (/opt/ros/jazzy/share/ament_lint_auto/cmake)
[1.688s] WARNING: Package name "AZ_demo" does not follow the naming conventions. It should start with a lower case letter and only contain lower case letters, digits, underscores, and dashes.
[1.855s] -- Added test 'cppcheck' to perform static code analysis on C / C++ code
[1.856s] -- Configured cppcheck include dirs: 
[1.856s] -- Configured cppcheck exclude dirs and/or files: 
[1.867s] -- Added test 'flake8' to check Python code syntax and style conventions
[1.867s] -- Configured 'flake8' exclude dirs and/or files: 
[1.886s] -- Added test 'lint_cmake' to check CMake code style
[1.898s] -- Added test 'pep257' to check Python code against some of the docstring style conventions in PEP 257
[1.969s] -- Added test 'uncrustify' to check C / C++ code style
[1.969s] -- Configured uncrustify additional arguments: 
[1.980s] -- Added test 'xmllint' to check XML markup files
[1.985s] -- Configuring done (1.9s)
[1.990s] -- Generating done (0.0s)
[1.993s] -- Build files have been written to: /home/mavis/ros2_ws/src/AZ_demo/build/AZ_demo
[2.002s] Invoked command in '/home/mavis/ros2_ws/src/AZ_demo/build/AZ_demo' returned '0': CMAKE_PREFIX_PATH=${CMAKE_PREFIX_PATH}:/home/mavis/ros2_ws/install/rqt_joint_trajectory_controller:/home/mavis/ros2_ws/install/rqt_controller_manager:/home/mavis/ros2_ws/install/ros2controlcli:/home/mavis/ros2_ws/install/ros2_controllers_test_nodes:/home/mavis/ros2_ws/install/generate_parameter_module_example:/home/mavis/ros2_ws/install/generate_parameter_library_py:/opt/ros/jazzy DEBUGINFOD_URLS=https://debuginfod.ubuntu.com /usr/bin/cmake /home/mavis/ros2_ws/src/AZ_demo -DCMAKE_INSTALL_PREFIX=/home/mavis/ros2_ws/src/AZ_demo/install/AZ_demo
[2.004s] Invoking command in '/home/mavis/ros2_ws/src/AZ_demo/build/AZ_demo': CMAKE_PREFIX_PATH=${CMAKE_PREFIX_PATH}:/home/mavis/ros2_ws/install/rqt_joint_trajectory_controller:/home/mavis/ros2_ws/install/rqt_controller_manager:/home/mavis/ros2_ws/install/ros2controlcli:/home/mavis/ros2_ws/install/ros2_controllers_test_nodes:/home/mavis/ros2_ws/install/generate_parameter_module_example:/home/mavis/ros2_ws/install/generate_parameter_library_py:/opt/ros/jazzy DEBUGINFOD_URLS=https://debuginfod.ubuntu.com /usr/bin/cmake --build /home/mavis/ros2_ws/src/AZ_demo/build/AZ_demo -- -j8 -l8
[2.102s] Built target ament_cmake_python_copy_AZ_demo
[2.102s] Built target ament_cmake_python_copy_AZ_demo_setup
[2.442s] running egg_info
[2.443s] creating AZ_demo.egg-info
[2.470s] writing AZ_demo.egg-info/PKG-INFO
[2.470s] writing dependency_links to AZ_demo.egg-info/dependency_links.txt
[2.470s] writing top-level names to AZ_demo.egg-info/top_level.txt
[2.470s] writing manifest file 'AZ_demo.egg-info/SOURCES.txt'
[2.552s] reading manifest file 'AZ_demo.egg-info/SOURCES.txt'
[2.552s] writing manifest file 'AZ_demo.egg-info/SOURCES.txt'
[2.592s] Built target ament_cmake_python_build_AZ_demo_egg
[2.609s] Invoked command in '/home/mavis/ros2_ws/src/AZ_demo/build/AZ_demo' returned '0': CMAKE_PREFIX_PATH=${CMAKE_PREFIX_PATH}:/home/mavis/ros2_ws/install/rqt_joint_trajectory_controller:/home/mavis/ros2_ws/install/rqt_controller_manager:/home/mavis/ros2_ws/install/ros2controlcli:/home/mavis/ros2_ws/install/ros2_controllers_test_nodes:/home/mavis/ros2_ws/install/generate_parameter_module_example:/home/mavis/ros2_ws/install/generate_parameter_library_py:/opt/ros/jazzy DEBUGINFOD_URLS=https://debuginfod.ubuntu.com /usr/bin/cmake --build /home/mavis/ros2_ws/src/AZ_demo/build/AZ_demo -- -j8 -l8
[2.626s] Invoking command in '/home/mavis/ros2_ws/src/AZ_demo/build/AZ_demo': CMAKE_PREFIX_PATH=${CMAKE_PREFIX_PATH}:/home/mavis/ros2_ws/install/rqt_joint_trajectory_controller:/home/mavis/ros2_ws/install/rqt_controller_manager:/home/mavis/ros2_ws/install/ros2controlcli:/home/mavis/ros2_ws/install/ros2_controllers_test_nodes:/home/mavis/ros2_ws/install/generate_parameter_module_example:/home/mavis/ros2_ws/install/generate_parameter_library_py:/opt/ros/jazzy DEBUGINFOD_URLS=https://debuginfod.ubuntu.com /usr/bin/cmake --install /home/mavis/ros2_ws/src/AZ_demo/build/AZ_demo
[2.647s] -- Install configuration: ""
[2.647s] -- Installing: /home/mavis/ros2_ws/src/AZ_demo/install/AZ_demo/share/AZ_demo/environment/pythonpath.sh
[2.647s] -- Installing: /home/mavis/ros2_ws/src/AZ_demo/install/AZ_demo/share/AZ_demo/environment/pythonpath.dsv
[2.647s] -- Installing: /home/mavis/ros2_ws/src/AZ_demo/install/AZ_demo/lib/python3.12/site-packages/AZ_demo-0.0.0-py3.12.egg-info
[2.648s] -- Installing: /home/mavis/ros2_ws/src/AZ_demo/install/AZ_demo/lib/python3.12/site-packages/AZ_demo-0.0.0-py3.12.egg-info/dependency_links.txt
[2.648s] -- Installing: /home/mavis/ros2_ws/src/AZ_demo/install/AZ_demo/lib/python3.12/site-packages/AZ_demo-0.0.0-py3.12.egg-info/PKG-INFO
[2.648s] -- Installing: /home/mavis/ros2_ws/src/AZ_demo/install/AZ_demo/lib/python3.12/site-packages/AZ_demo-0.0.0-py3.12.egg-info/SOURCES.txt
[2.649s] -- Installing: /home/mavis/ros2_ws/src/AZ_demo/install/AZ_demo/lib/python3.12/site-packages/AZ_demo-0.0.0-py3.12.egg-info/top_level.txt
[2.649s] -- Installing: /home/mavis/ros2_ws/src/AZ_demo/install/AZ_demo/lib/python3.12/site-packages/AZ_demo
[2.649s] -- Installing: /home/mavis/ros2_ws/src/AZ_demo/install/AZ_demo/lib/python3.12/site-packages/AZ_demo/__init__.py
[2.731s] Listing '/home/mavis/ros2_ws/src/AZ_demo/install/AZ_demo/lib/python3.12/site-packages/AZ_demo'...
[2.731s] Compiling '/home/mavis/ros2_ws/src/AZ_demo/install/AZ_demo/lib/python3.12/site-packages/AZ_demo/__init__.py'...
[2.740s] -- Installing: /home/mavis/ros2_ws/src/AZ_demo/install/AZ_demo/lib/AZ_demo/get_joints
[2.740s] -- Installing: /home/mavis/ros2_ws/src/AZ_demo/install/AZ_demo/lib/AZ_demo/execute_trajectory
[2.740s] -- Installing: /home/mavis/ros2_ws/src/AZ_demo/install/AZ_demo/lib/AZ_demo/joy_teleop
[2.740s] -- Installing: /home/mavis/ros2_ws/src/AZ_demo/install/AZ_demo/lib/AZ_demo/recorder
[2.740s] -- Installing: /home/mavis/ros2_ws/src/AZ_demo/install/AZ_demo/lib/AZ_demo/cartesian_admittance
[2.740s] -- Installing: /home/mavis/ros2_ws/src/AZ_demo/install/AZ_demo/lib/AZ_demo/emoji_listener
[2.740s] -- Installing: /home/mavis/ros2_ws/src/AZ_demo/install/AZ_demo/share/AZ_demo/config
[2.741s] -- Installing: /home/mavis/ros2_ws/src/AZ_demo/install/AZ_demo/share/AZ_demo/launch
[2.741s] -- Installing: /home/mavis/ros2_ws/src/AZ_demo/install/AZ_demo/share/AZ_demo/launch/xbox.launch.py
[2.741s] -- Installing: /home/mavis/ros2_ws/src/AZ_demo/install/AZ_demo/share/AZ_demo/launch/start_robot.launch.py
[2.741s] -- Installing: /home/mavis/ros2_ws/src/AZ_demo/install/AZ_demo/share/AZ_demo/launch/web_interface_emojis.launch.py
[2.741s] -- Installing: /home/mavis/ros2_ws/src/AZ_demo/install/AZ_demo/share/AZ_demo/launch/web_interface_arrows.launch.py
[2.741s] -- Installing: /home/mavis/ros2_ws/src/AZ_demo/install/AZ_demo/share/AZ_demo/launch/emoji.launch.py
[2.741s] -- Installing: /home/mavis/ros2_ws/src/AZ_demo/install/AZ_demo/share/ament_index/resource_index/package_run_dependencies/AZ_demo
[2.741s] -- Installing: /home/mavis/ros2_ws/src/AZ_demo/install/AZ_demo/share/ament_index/resource_index/parent_prefix_path/AZ_demo
[2.741s] -- Installing: /home/mavis/ros2_ws/src/AZ_demo/install/AZ_demo/share/AZ_demo/environment/ament_prefix_path.sh
[2.741s] -- Installing: /home/mavis/ros2_ws/src/AZ_demo/install/AZ_demo/share/AZ_demo/environment/ament_prefix_path.dsv
[2.742s] -- Installing: /home/mavis/ros2_ws/src/AZ_demo/install/AZ_demo/share/AZ_demo/environment/path.sh
[2.742s] -- Installing: /home/mavis/ros2_ws/src/AZ_demo/install/AZ_demo/share/AZ_demo/environment/path.dsv
[2.742s] -- Installing: /home/mavis/ros2_ws/src/AZ_demo/install/AZ_demo/share/AZ_demo/local_setup.bash
[2.742s] -- Installing: /home/mavis/ros2_ws/src/AZ_demo/install/AZ_demo/share/AZ_demo/local_setup.sh
[2.742s] -- Installing: /home/mavis/ros2_ws/src/AZ_demo/install/AZ_demo/share/AZ_demo/local_setup.zsh
[2.742s] -- Installing: /home/mavis/ros2_ws/src/AZ_demo/install/AZ_demo/share/AZ_demo/local_setup.dsv
[2.742s] -- Installing: /home/mavis/ros2_ws/src/AZ_demo/install/AZ_demo/share/AZ_demo/package.dsv
[2.742s] -- Installing: /home/mavis/ros2_ws/src/AZ_demo/install/AZ_demo/share/ament_index/resource_index/packages/AZ_demo
[2.743s] -- Installing: /home/mavis/ros2_ws/src/AZ_demo/install/AZ_demo/share/AZ_demo/cmake/AZ_demoConfig.cmake
[2.743s] -- Installing: /home/mavis/ros2_ws/src/AZ_demo/install/AZ_demo/share/AZ_demo/cmake/AZ_demoConfig-version.cmake
[2.743s] -- Installing: /home/mavis/ros2_ws/src/AZ_demo/install/AZ_demo/share/AZ_demo/package.xml
[2.746s] Invoked command in '/home/mavis/ros2_ws/src/AZ_demo/build/AZ_demo' returned '0': CMAKE_PREFIX_PATH=${CMAKE_PREFIX_PATH}:/home/mavis/ros2_ws/install/rqt_joint_trajectory_controller:/home/mavis/ros2_ws/install/rqt_controller_manager:/home/mavis/ros2_ws/install/ros2controlcli:/home/mavis/ros2_ws/install/ros2_controllers_test_nodes:/home/mavis/ros2_ws/install/generate_parameter_module_example:/home/mavis/ros2_ws/install/generate_parameter_library_py:/opt/ros/jazzy DEBUGINFOD_URLS=https://debuginfod.ubuntu.com /usr/bin/cmake --install /home/mavis/ros2_ws/src/AZ_demo/build/AZ_demo
