[0.011s] Invoking command in '/home/mavis/ros2_ws/src/AZ_demo/build/AZ_demo': CMAKE_PREFIX_PATH=${CMAKE_PREFIX_PATH}:/home/mavis/ros2_ws/install/rqt_joint_trajectory_controller:/home/mavis/ros2_ws/install/rqt_controller_manager:/home/mavis/ros2_ws/install/ros2controlcli:/home/mavis/ros2_ws/install/ros2_controllers_test_nodes:/home/mavis/ros2_ws/install/generate_parameter_module_example:/home/mavis/ros2_ws/install/generate_parameter_library_py:/opt/ros/jazzy DEBUGINFOD_URLS=https://debuginfod.ubuntu.com /usr/bin/cmake /home/mavis/ros2_ws/src/AZ_demo -DCMAKE_INSTALL_PREFIX=/home/mavis/ros2_ws/src/AZ_demo/install/AZ_demo
[0.056s] -- The C compiler identification is GNU 13.3.0
[0.100s] -- The CXX compiler identification is GNU 13.3.0
[0.113s] -- Detecting C compiler ABI info
[0.191s] -- Detecting C compiler ABI info - done
[0.198s] -- Check for working C compiler: /usr/bin/cc - skipped
[0.198s] -- Detecting C compile features
[0.198s] -- Detecting C compile features - done
[0.206s] -- Detecting CXX compiler ABI info
[0.295s] -- Detecting CXX compiler ABI info - done
[0.302s] -- Check for working CXX compiler: /usr/bin/c++ - skipped
[0.302s] -- Detecting CXX compile features
[0.302s] -- Detecting CXX compile features - done
[0.308s] -- Found ament_cmake: 2.5.6 (/opt/ros/jazzy/share/ament_cmake/cmake)
[0.469s] -- Found Python3: /usr/bin/python3 (found version "3.12.3") found components: Interpreter 
[0.693s] WARNING: Package name "AZ_demo" does not follow the naming conventions. It should start with a lower case letter and only contain lower case letters, digits, underscores, and dashes.
[0.709s] -- Found ament_lint_auto: 0.17.5 (/opt/ros/jazzy/share/ament_lint_auto/cmake)
[0.765s] WARNING: Package name "AZ_demo" does not follow the naming conventions. It should start with a lower case letter and only contain lower case letters, digits, underscores, and dashes.
[0.841s] -- Added test 'cppcheck' to perform static code analysis on C / C++ code
[0.841s] -- Configured cppcheck include dirs: 
[0.841s] -- Configured cppcheck exclude dirs and/or files: 
[0.846s] -- Added test 'flake8' to check Python code syntax and style conventions
[0.846s] -- Configured 'flake8' exclude dirs and/or files: 
[0.854s] -- Added test 'lint_cmake' to check CMake code style
[0.859s] -- Added test 'pep257' to check Python code against some of the docstring style conventions in PEP 257
[0.884s] -- Added test 'uncrustify' to check C / C++ code style
[0.884s] -- Configured uncrustify additional arguments: 
[0.889s] -- Added test 'xmllint' to check XML markup files
[0.892s] -- Configuring done (0.9s)
[0.894s] -- Generating done (0.0s)
[0.896s] -- Build files have been written to: /home/mavis/ros2_ws/src/AZ_demo/build/AZ_demo
[0.900s] Invoked command in '/home/mavis/ros2_ws/src/AZ_demo/build/AZ_demo' returned '0': CMAKE_PREFIX_PATH=${CMAKE_PREFIX_PATH}:/home/mavis/ros2_ws/install/rqt_joint_trajectory_controller:/home/mavis/ros2_ws/install/rqt_controller_manager:/home/mavis/ros2_ws/install/ros2controlcli:/home/mavis/ros2_ws/install/ros2_controllers_test_nodes:/home/mavis/ros2_ws/install/generate_parameter_module_example:/home/mavis/ros2_ws/install/generate_parameter_library_py:/opt/ros/jazzy DEBUGINFOD_URLS=https://debuginfod.ubuntu.com /usr/bin/cmake /home/mavis/ros2_ws/src/AZ_demo -DCMAKE_INSTALL_PREFIX=/home/mavis/ros2_ws/src/AZ_demo/install/AZ_demo
[0.901s] Invoking command in '/home/mavis/ros2_ws/src/AZ_demo/build/AZ_demo': CMAKE_PREFIX_PATH=${CMAKE_PREFIX_PATH}:/home/mavis/ros2_ws/install/rqt_joint_trajectory_controller:/home/mavis/ros2_ws/install/rqt_controller_manager:/home/mavis/ros2_ws/install/ros2controlcli:/home/mavis/ros2_ws/install/ros2_controllers_test_nodes:/home/mavis/ros2_ws/install/generate_parameter_module_example:/home/mavis/ros2_ws/install/generate_parameter_library_py:/opt/ros/jazzy DEBUGINFOD_URLS=https://debuginfod.ubuntu.com /usr/bin/cmake --build /home/mavis/ros2_ws/src/AZ_demo/build/AZ_demo -- -j8 -l8
[0.958s] Built target ament_cmake_python_copy_AZ_demo_setup
[0.958s] Built target ament_cmake_python_copy_AZ_demo
[1.136s] running egg_info
[1.136s] creating AZ_demo.egg-info
[1.152s] writing AZ_demo.egg-info/PKG-INFO
[1.153s] writing dependency_links to AZ_demo.egg-info/dependency_links.txt
[1.153s] writing top-level names to AZ_demo.egg-info/top_level.txt
[1.153s] writing manifest file 'AZ_demo.egg-info/SOURCES.txt'
[1.202s] reading manifest file 'AZ_demo.egg-info/SOURCES.txt'
[1.202s] writing manifest file 'AZ_demo.egg-info/SOURCES.txt'
[1.226s] Built target ament_cmake_python_build_AZ_demo_egg
[1.236s] Invoked command in '/home/mavis/ros2_ws/src/AZ_demo/build/AZ_demo' returned '0': CMAKE_PREFIX_PATH=${CMAKE_PREFIX_PATH}:/home/mavis/ros2_ws/install/rqt_joint_trajectory_controller:/home/mavis/ros2_ws/install/rqt_controller_manager:/home/mavis/ros2_ws/install/ros2controlcli:/home/mavis/ros2_ws/install/ros2_controllers_test_nodes:/home/mavis/ros2_ws/install/generate_parameter_module_example:/home/mavis/ros2_ws/install/generate_parameter_library_py:/opt/ros/jazzy DEBUGINFOD_URLS=https://debuginfod.ubuntu.com /usr/bin/cmake --build /home/mavis/ros2_ws/src/AZ_demo/build/AZ_demo -- -j8 -l8
[1.245s] Invoking command in '/home/mavis/ros2_ws/src/AZ_demo/build/AZ_demo': CMAKE_PREFIX_PATH=${CMAKE_PREFIX_PATH}:/home/mavis/ros2_ws/install/rqt_joint_trajectory_controller:/home/mavis/ros2_ws/install/rqt_controller_manager:/home/mavis/ros2_ws/install/ros2controlcli:/home/mavis/ros2_ws/install/ros2_controllers_test_nodes:/home/mavis/ros2_ws/install/generate_parameter_module_example:/home/mavis/ros2_ws/install/generate_parameter_library_py:/opt/ros/jazzy DEBUGINFOD_URLS=https://debuginfod.ubuntu.com /usr/bin/cmake --install /home/mavis/ros2_ws/src/AZ_demo/build/AZ_demo
[1.253s] -- Install configuration: ""
[1.253s] -- Installing: /home/mavis/ros2_ws/src/AZ_demo/install/AZ_demo/share/AZ_demo/environment/pythonpath.sh
[1.254s] -- Installing: /home/mavis/ros2_ws/src/AZ_demo/install/AZ_demo/share/AZ_demo/environment/pythonpath.dsv
[1.254s] -- Installing: /home/mavis/ros2_ws/src/AZ_demo/install/AZ_demo/lib/python3.12/site-packages/AZ_demo-0.0.0-py3.12.egg-info
[1.254s] -- Installing: /home/mavis/ros2_ws/src/AZ_demo/install/AZ_demo/lib/python3.12/site-packages/AZ_demo-0.0.0-py3.12.egg-info/dependency_links.txt
[1.254s] -- Installing: /home/mavis/ros2_ws/src/AZ_demo/install/AZ_demo/lib/python3.12/site-packages/AZ_demo-0.0.0-py3.12.egg-info/PKG-INFO
[1.254s] -- Installing: /home/mavis/ros2_ws/src/AZ_demo/install/AZ_demo/lib/python3.12/site-packages/AZ_demo-0.0.0-py3.12.egg-info/SOURCES.txt
[1.254s] -- Installing: /home/mavis/ros2_ws/src/AZ_demo/install/AZ_demo/lib/python3.12/site-packages/AZ_demo-0.0.0-py3.12.egg-info/top_level.txt
[1.254s] -- Installing: /home/mavis/ros2_ws/src/AZ_demo/install/AZ_demo/lib/python3.12/site-packages/AZ_demo
[1.254s] -- Installing: /home/mavis/ros2_ws/src/AZ_demo/install/AZ_demo/lib/python3.12/site-packages/AZ_demo/__init__.py
[1.284s] Listing '/home/mavis/ros2_ws/src/AZ_demo/install/AZ_demo/lib/python3.12/site-packages/AZ_demo'...
[1.284s] Compiling '/home/mavis/ros2_ws/src/AZ_demo/install/AZ_demo/lib/python3.12/site-packages/AZ_demo/__init__.py'...
[1.288s] -- Installing: /home/mavis/ros2_ws/src/AZ_demo/install/AZ_demo/lib/AZ_demo/get_joints
[1.288s] -- Installing: /home/mavis/ros2_ws/src/AZ_demo/install/AZ_demo/lib/AZ_demo/execute_trajectory
[1.288s] -- Installing: /home/mavis/ros2_ws/src/AZ_demo/install/AZ_demo/lib/AZ_demo/joy_teleop
[1.289s] -- Installing: /home/mavis/ros2_ws/src/AZ_demo/install/AZ_demo/lib/AZ_demo/recorder
[1.289s] -- Installing: /home/mavis/ros2_ws/src/AZ_demo/install/AZ_demo/lib/AZ_demo/cartesian_admittance
[1.289s] -- Installing: /home/mavis/ros2_ws/src/AZ_demo/install/AZ_demo/lib/AZ_demo/emoji_listener
[1.289s] -- Installing: /home/mavis/ros2_ws/src/AZ_demo/install/AZ_demo/share/AZ_demo/config
[1.289s] -- Installing: /home/mavis/ros2_ws/src/AZ_demo/install/AZ_demo/share/AZ_demo/launch
[1.289s] -- Installing: /home/mavis/ros2_ws/src/AZ_demo/install/AZ_demo/share/AZ_demo/launch/xbox.launch.py
[1.289s] -- Installing: /home/mavis/ros2_ws/src/AZ_demo/install/AZ_demo/share/AZ_demo/launch/start_robot.launch.py
[1.289s] -- Installing: /home/mavis/ros2_ws/src/AZ_demo/install/AZ_demo/share/AZ_demo/launch/web_interface_emojis.launch.py
[1.289s] -- Installing: /home/mavis/ros2_ws/src/AZ_demo/install/AZ_demo/share/AZ_demo/launch/web_interface_arrows.launch.py
[1.289s] -- Installing: /home/mavis/ros2_ws/src/AZ_demo/install/AZ_demo/share/AZ_demo/launch/emoji.launch.py
[1.289s] -- Installing: /home/mavis/ros2_ws/src/AZ_demo/install/AZ_demo/share/ament_index/resource_index/package_run_dependencies/AZ_demo
[1.290s] -- Installing: /home/mavis/ros2_ws/src/AZ_demo/install/AZ_demo/share/ament_index/resource_index/parent_prefix_path/AZ_demo
[1.290s] -- Installing: /home/mavis/ros2_ws/src/AZ_demo/install/AZ_demo/share/AZ_demo/environment/ament_prefix_path.sh
[1.290s] -- Installing: /home/mavis/ros2_ws/src/AZ_demo/install/AZ_demo/share/AZ_demo/environment/ament_prefix_path.dsv
[1.290s] -- Installing: /home/mavis/ros2_ws/src/AZ_demo/install/AZ_demo/share/AZ_demo/environment/path.sh
[1.290s] -- Installing: /home/mavis/ros2_ws/src/AZ_demo/install/AZ_demo/share/AZ_demo/environment/path.dsv
[1.290s] -- Installing: /home/mavis/ros2_ws/src/AZ_demo/install/AZ_demo/share/AZ_demo/local_setup.bash
[1.290s] -- Installing: /home/mavis/ros2_ws/src/AZ_demo/install/AZ_demo/share/AZ_demo/local_setup.sh
[1.290s] -- Installing: /home/mavis/ros2_ws/src/AZ_demo/install/AZ_demo/share/AZ_demo/local_setup.zsh
[1.290s] -- Installing: /home/mavis/ros2_ws/src/AZ_demo/install/AZ_demo/share/AZ_demo/local_setup.dsv
[1.290s] -- Installing: /home/mavis/ros2_ws/src/AZ_demo/install/AZ_demo/share/AZ_demo/package.dsv
[1.290s] -- Installing: /home/mavis/ros2_ws/src/AZ_demo/install/AZ_demo/share/ament_index/resource_index/packages/AZ_demo
[1.291s] -- Installing: /home/mavis/ros2_ws/src/AZ_demo/install/AZ_demo/share/AZ_demo/cmake/AZ_demoConfig.cmake
[1.291s] -- Installing: /home/mavis/ros2_ws/src/AZ_demo/install/AZ_demo/share/AZ_demo/cmake/AZ_demoConfig-version.cmake
[1.291s] -- Installing: /home/mavis/ros2_ws/src/AZ_demo/install/AZ_demo/share/AZ_demo/package.xml
[1.292s] Invoked command in '/home/mavis/ros2_ws/src/AZ_demo/build/AZ_demo' returned '0': CMAKE_PREFIX_PATH=${CMAKE_PREFIX_PATH}:/home/mavis/ros2_ws/install/rqt_joint_trajectory_controller:/home/mavis/ros2_ws/install/rqt_controller_manager:/home/mavis/ros2_ws/install/ros2controlcli:/home/mavis/ros2_ws/install/ros2_controllers_test_nodes:/home/mavis/ros2_ws/install/generate_parameter_module_example:/home/mavis/ros2_ws/install/generate_parameter_library_py:/opt/ros/jazzy DEBUGINFOD_URLS=https://debuginfod.ubuntu.com /usr/bin/cmake --install /home/mavis/ros2_ws/src/AZ_demo/build/AZ_demo
